A:6
E:5
G:1
H:3
I:2
J:1
L:3
N:1
O:2
P:2
R:5
S:6
T:8
U:2
W:1
==========
A:11
B:3
C:5
D:7
E:20
F:2
G:4
H:11
I:20
K:1
L:14
M:2
N:18
O:10
P:6
R:8
S:10
T:16
U:5
V:2
W:6
Y:1
==========
A:7
B:1
D:2
E:3
F:2
G:3
H:5
I:5
L:2
M:4
N:1
O:4
P:5
R:7
S:4
T:5
==========
A:32
B:2
C:10
D:10
E:45
F:8
G:15
H:15
I:24
J:2
K:1
L:19
M:13
N:17
O:22
P:13
R:32
S:26
T:20
U:6
V:4
W:6
Y:9
Z:1
==========
A:17
B:3
C:5
D:6
E:14
F:4
G:5
H:6
I:8
J:1
L:9
M:4
N:10
O:11
P:6
R:10
S:10
T:14
U:4
V:1
W:4
Y:2
Z:1
==========
A:16
B:7
C:6
D:5
E:30
F:5
G:3
H:8
I:12
K:2
L:11
M:7
N:29
O:19
P:7
R:16
S:17
T:14
U:8
W:8
Y:2
==========
A:15
B:3
C:4
D:7
E:24
F:3
G:6
H:9
I:6
L:12
M:4
N:14
O:13
P:3
R:9
S:8
T:18
U:8
V:2
W:5
X:1
Y:1
==========
A:41
B:8
C:22
D:17
E:73
F:5
G:7
H:34
I:29
J:1
K:2
L:32
M:9
N:37
O:41
P:12
R:28
S:29
T:64
U:13
V:5
W:15
Y:5
Z:1
==========
A:32
B:4
C:17
D:5
E:28
F:5
G:6
H:16
I:19
L:17
M:1
N:24
O:15
P:10
R:21
S:12
T:26
U:6
W:7
X:2
Y:2
==========
A:16
B:2
C:10
D:5
E:23
F:5
G:3
H:7
I:11
K:1
L:15
M:2
N:13
O:17
P:6
Q:1
R:5
S:16
T:22
U:7
V:1
W:4
Y:4
Z:1
==========
