List: 0 9 18 19 43 56 68 73 74 86 93 99 132 542 598 607 777 949 2223 4007 4610 6032 7529 7550 9794 9857 11435 17954 88352
1-iterations: 598
2-iterations: 68 6032
3-iterations: 18 93 949 9857
4-iterations: 0 43 74 132 607 4007 7550 17954
5-iterations: 9 19 56 73 86 99 542 777 2223 4610 7529 9794 11435 88352

List: 10 43 593 15086 45125 86806
1-iterations: 593
2-iterations: 10 45125
3-iterations: 43 15086 86806

List: 21 45 54 65 78 88 89 99 133 157 163 257 455 634 972 2000 5077 5307 5457 5504 5743 6402 9321 9838 10978 12595 26462 68662 82132
1-iterations: 972
2-iterations: 89 6402
3-iterations: 54 163 5307 12595
4-iterations: 21 78 133 455 2000 5504 9838 68662
5-iterations: 45 65 88 99 157 257 634 5077 5457 5743 9321 10978 26462 82132

List: 3 13 18 47 50 51 63 73 93 532 797 857 1469 2628 3057 5146 7160 64135 64402
1-iterations: 532
2-iterations: 50 3057
3-iterations: 13 63 857 7160
4-iterations: 3 18 51 73 797 1469 5146 64135
5-iterations: 47 93 2628 64402

List: 244 2891 5067 5191 7102
1-iterations: 5067
2-iterations: 244 5191
3-iterations: 2891 7102

List: 98 148 619
1-iterations: 148
2-iterations: 98 619

List: 10 20 45 46 65 78 153 192 430 470 660 799 2767 5923 6409 6475 9331 10396 15662 23701 24694 38225 40842 58629 68708 80196
1-iterations: 2767
2-iterations: 78 23701
3-iterations: 45 430 6475 40842
4-iterations: 10 46 153 660 5923 10396 24694 68708
5-iterations: 20 65 192 470 799 6409 9331 15662 38225 58629 80196

List: 31 52 59 83 530 545 727 846 980
1-iterations: 530
2-iterations: 52 727
3-iterations: 31 59 545 846
4-iterations: 83 980

List: 13 75 318 689 1716 4919 83846 91863 97735
1-iterations: 1716
2-iterations: 75 83846
3-iterations: 13 318 4919 91863
4-iterations: 689 97735

List: 21 119 172 220 382 467 488 649 798 799 2155 4749 9140 9181 10133 64114 80226 93403 98303
1-iterations: 799
2-iterations: 382 10133
3-iterations: 119 488 4749 80226
4-iterations: 21 172 467 649 2155 9140 64114 93403
5-iterations: 220 798 9181 98303

List: 6 14 29 35 38 44 61 65 77 87 88 113 154 318 543 792 824 995 1616 2182 5328 6396 6895 8781 16382 28073 30472 50367 69018
1-iterations: 543
2-iterations: 61 6396
3-iterations: 29 88 995 28073
4-iterations: 6 38 77 154 792 2182 8781 50367
5-iterations: 14 35 44 65 87 113 318 824 1616 5328 6895 16382 30472 69018

List: 90 91 97 140 159 221 268 483 848 918 5001 5073 5107 6003 7723 9310 9533 69928 76196 76219 84881 92412
1-iterations: 5001
2-iterations: 159 9533
3-iterations: 91 483 6003 76219
4-iterations: 90 97 221 848 5073 7723 69928 84881
5-iterations: 140 268 918 5107 9310 76196 92412

List: 0 30 39 59 68 83 141 529 609 646 700 799 860 1087 4454 4692 4803 6658 54956 57655 81959 82759 85364
1-iterations: 799
2-iterations: 83 6658
3-iterations: 39 609 4454 81959
4-iterations: 0 59 141 646 860 4692 54956 82759
5-iterations: 30 68 529 700 1087 4803 57655 85364

List: 25 52 96 381 532 3865 75357 78097 80919
1-iterations: 532
2-iterations: 52 75357
3-iterations: 25 96 3865 78097
4-iterations: 381 80919

List: 19 94 255 429 612 633 842 912 2757 3227 35419 79206 83108 90360 93112
1-iterations: 912
2-iterations: 429 79206
3-iterations: 94 633 3227 90360
4-iterations: 19 255 612 842 2757 35419 83108 93112

List: 37 68 74 93 652 895 1090 2503 3196 4547 4844 5170 5392 7552 7663 7917 23804 50493 59788
1-iterations: 4547
2-iterations: 652 7663
3-iterations: 68 1090 5170 23804
4-iterations: 37 74 895 2503 4844 5392 7917 50493
5-iterations: 93 3196 7552 59788

List: 0 16 55 136 416 463 973 6849 7337 10523 30764 41969 75924
1-iterations: 973
2-iterations: 55 10523
3-iterations: 0 416 6849 41969
4-iterations: 16 136 463 7337 30764 75924

List: 47 72 398 859 5106 6108 52489 54449 60722
1-iterations: 5106
2-iterations: 72 52489
3-iterations: 47 398 6108 54449
4-iterations: 859 60722

List: 24 36 72 75 83 84 590 876 2699 5456 5680 7222 42988 43899 49582 59181 72629 75895
1-iterations: 2699
2-iterations: 75 43899
3-iterations: 36 84 5680 59181
4-iterations: 24 72 83 590 5456 7222 49582 72629
5-iterations: 876 42988 75895

List: 4 22 42 51 58 59 65 71 77 167 383 455 535 847 1303 5629 33907 47253 89133 98052 98356
1-iterations: 383
2-iterations: 58 5629
3-iterations: 22 71 535 89133
4-iterations: 4 42 59 77 455 847 33907 98052
5-iterations: 51 65 167 1303 47253 98356

List: 3 9 22 26 67 264 509 538 687 885 5254 5640 6039 7451 16712 59269 70851 98852
1-iterations: 687
2-iterations: 26 7451
3-iterations: 9 264 5254 59269
4-iterations: 3 22 67 509 885 5640 16712 70851
5-iterations: 538 6039 98852

List: 131 743 877 934 1243 2440 9903 16856 95252
1-iterations: 1243
2-iterations: 743 9903
3-iterations: 131 877 2440 16856
4-iterations: 934 95252

List: 18 77 251 429 623 668 879 1681 2036 2436 2803 4057 5670 6314 7511 8606 8945 9418 21288 23828 29112 30984 52011 96048
1-iterations: 4057
2-iterations: 668 9418
3-iterations: 251 2036 7511 29112
4-iterations: 18 429 879 2436 5670 8606 21288 52011
5-iterations: 77 623 1681 2803 6314 8945 23828 30984 96048

List: 12 75 856 8019 9992 70765
1-iterations: 856
2-iterations: 12 9992
3-iterations: 75 8019 70765

List: 25 34 46 61 63 85 90 231 303 687 3190 6446 6763 9112 9400 32709 85349
1-iterations: 303
2-iterations: 61 6763
3-iterations: 34 85 3190 9400
4-iterations: 25 46 63 90 687 6446 9112 32709
5-iterations: 231 85349

