57289469 3283416
179320572 41930981
70389913 477015633
60712330 22646539
9608088 2041679849
12231123 118972420
508770713 164008978
12349079 201777646
9131313 64204072
792578124 69506071
779167925 276120371
111636188 46875887
98122372 859321883
173231163 137183045
346171381 146671510
743701255 201982014
100908128 143953343
51047474 629443207
5213173 45180098
1081710 34556177
29449513 51220675
479263713 22589098
25064657 223242224
889659737 120114193
96007227 208146179
34070971 62382241
229368916 267830053
224246533 426545786
97386045 26166029
79570469 18218940
145870521 238061288
753096956 240139285
12772711 3372244
181560815 174196931
87772514 26871139
451886722 115619229
329560414 657837369
640321899 160162280
532836161 933602314
65898707 381087827
239124079 398621129
474786377 519528495
1801464 75130639
4831147 532245253
44044406 340206535
130904479 242432542
116831672 143839145
47186453 4907990
51361472 103276597
534627517 387301960
19044006 90368251
58536763 18220341
518607041 860465117
57378236 77834045
49173683 43853194
420912883 427559374
36506957 166849739
31151123 118226726
147469628 148308427
13746949 32470020
607789493 219369193
38600328 429530693
6517835 12860851
411497 5778533
65202186 64649497
854046175 33638561
60507863 8424471
374790616 529744109
49041691 28042850
195097473 60606614
169954601 782042768
400729878 10665635
12155816 7924041
118379759 115990267
83397065 302522189
98478373 111993116
114222888 465014305
26277878 103983161
21555607 23905179
88572617 85565472
97889297 307100344
392740859 393244252
811088291 314369069
309858781 311653882
267046844 209274339
423585262 402683415
160503851 452343544
437455869 115100831
104939247 143429900
86768021 86472835
63094547 551627392
19211483 928533
409318090 2323447
52728567 8801696
98400718 334037771
18870209 8074136
104508889 126485988
38640707 979678360
9526625 611251523
128008583 830293065
