Average score: 78.53
   Highest score: 99
      Students with highest score:
         18435
         17562
         18631
         19675
         16635
         11574
         12779
         11805
         13879
         10814
         17033
         19156
         15210
         17308
   Lowest score: 60
      Students with lowest score:
         17539
         19795
         17751
         17765
         12667
         14727
         19876
         16966
         19122
         16131
         11054
         12100
         17296
Number of students above the average: 221
